0 info it worked if it ends with ok
1 verbose cli [ '/usr/bin/nodejs', '/usr/bin/npm', 'install' ]
2 info using npm@1.4.21
3 info using node@v0.10.29
4 warn package.json homecare@1.0.0 No README data
5 verbose readDependencies using package.json deps
6 verbose install where, deps [ '/root/homecare/server',
6 verbose install   [ '@hapi/joi',
6 verbose install     'bcrypt',
6 verbose install     'body-parser',
6 verbose install     'celebrate',
6 verbose install     'compression',
6 verbose install     'debug',
6 verbose install     'dotenv',
6 verbose install     'express',
6 verbose install     'faker',
6 verbose install     'jsonwebtoken',
6 verbose install     'lodash.isempty',
6 verbose install     'logger',
6 verbose install     'morgan',
6 verbose install     'ms',
6 verbose install     'multer',
6 verbose install     'mysql2',
6 verbose install     'nodemon',
6 verbose install     'sequelize',
6 verbose install     'sequelize-cli',
6 verbose install     'uuid',
6 verbose install     'uuidv4',
6 verbose install     'winston' ] ]
7 info preinstall homecare@1.0.0
8 verbose readDependencies using package.json deps
9 verbose cache add [ '@hapi/joi@^15.1.0', null ]
10 verbose cache add name=undefined spec="@hapi/joi@^15.1.0" args=["@hapi/joi@^15.1.0",null]
11 verbose parsed url { protocol: null,
11 verbose parsed url   slashes: null,
11 verbose parsed url   auth: null,
11 verbose parsed url   host: null,
11 verbose parsed url   port: null,
11 verbose parsed url   hostname: null,
11 verbose parsed url   hash: null,
11 verbose parsed url   search: null,
11 verbose parsed url   query: null,
11 verbose parsed url   pathname: '@hapi/joi@^15.1.0',
11 verbose parsed url   path: '@hapi/joi@^15.1.0',
11 verbose parsed url   href: '@hapi/joi@^15.1.0' }
12 verbose cache add [ 'bcrypt@^3.0.6', null ]
13 verbose cache add name=undefined spec="bcrypt@^3.0.6" args=["bcrypt@^3.0.6",null]
14 verbose parsed url { protocol: null,
14 verbose parsed url   slashes: null,
14 verbose parsed url   auth: null,
14 verbose parsed url   host: null,
14 verbose parsed url   port: null,
14 verbose parsed url   hostname: null,
14 verbose parsed url   hash: null,
14 verbose parsed url   search: null,
14 verbose parsed url   query: null,
14 verbose parsed url   pathname: 'bcrypt@^3.0.6',
14 verbose parsed url   path: 'bcrypt@^3.0.6',
14 verbose parsed url   href: 'bcrypt@^3.0.6' }
15 verbose cache add name="" spec="hapi/joi@^15.1.0" args=["","hapi/joi@^15.1.0"]
16 verbose parsed url { protocol: null,
16 verbose parsed url   slashes: null,
16 verbose parsed url   auth: null,
16 verbose parsed url   host: null,
16 verbose parsed url   port: null,
16 verbose parsed url   hostname: null,
16 verbose parsed url   hash: null,
16 verbose parsed url   search: null,
16 verbose parsed url   query: null,
16 verbose parsed url   pathname: 'hapi/joi@^15.1.0',
16 verbose parsed url   path: 'hapi/joi@^15.1.0',
16 verbose parsed url   href: 'hapi/joi@^15.1.0' }
17 verbose cache add [ 'celebrate@^10.0.1', null ]
18 verbose cache add name=undefined spec="celebrate@^10.0.1" args=["celebrate@^10.0.1",null]
19 verbose parsed url { protocol: null,
19 verbose parsed url   slashes: null,
19 verbose parsed url   auth: null,
19 verbose parsed url   host: null,
19 verbose parsed url   port: null,
19 verbose parsed url   hostname: null,
19 verbose parsed url   hash: null,
19 verbose parsed url   search: null,
19 verbose parsed url   query: null,
19 verbose parsed url   pathname: 'celebrate@^10.0.1',
19 verbose parsed url   path: 'celebrate@^10.0.1',
19 verbose parsed url   href: 'celebrate@^10.0.1' }
20 verbose cache add [ 'body-parser@^1.19.0', null ]
21 verbose cache add name=undefined spec="body-parser@^1.19.0" args=["body-parser@^1.19.0",null]
22 verbose parsed url { protocol: null,
22 verbose parsed url   slashes: null,
22 verbose parsed url   auth: null,
22 verbose parsed url   host: null,
22 verbose parsed url   port: null,
22 verbose parsed url   hostname: null,
22 verbose parsed url   hash: null,
22 verbose parsed url   search: null,
22 verbose parsed url   query: null,
22 verbose parsed url   pathname: 'body-parser@^1.19.0',
22 verbose parsed url   path: 'body-parser@^1.19.0',
22 verbose parsed url   href: 'body-parser@^1.19.0' }
23 verbose cache add [ 'compression@^1.7.4', null ]
24 verbose cache add name=undefined spec="compression@^1.7.4" args=["compression@^1.7.4",null]
25 verbose parsed url { protocol: null,
25 verbose parsed url   slashes: null,
25 verbose parsed url   auth: null,
25 verbose parsed url   host: null,
25 verbose parsed url   port: null,
25 verbose parsed url   hostname: null,
25 verbose parsed url   hash: null,
25 verbose parsed url   search: null,
25 verbose parsed url   query: null,
25 verbose parsed url   pathname: 'compression@^1.7.4',
25 verbose parsed url   path: 'compression@^1.7.4',
25 verbose parsed url   href: 'compression@^1.7.4' }
26 verbose cache add [ 'debug@^4.1.1', null ]
27 verbose cache add name=undefined spec="debug@^4.1.1" args=["debug@^4.1.1",null]
28 verbose parsed url { protocol: null,
28 verbose parsed url   slashes: null,
28 verbose parsed url   auth: null,
28 verbose parsed url   host: null,
28 verbose parsed url   port: null,
28 verbose parsed url   hostname: null,
28 verbose parsed url   hash: null,
28 verbose parsed url   search: null,
28 verbose parsed url   query: null,
28 verbose parsed url   pathname: 'debug@^4.1.1',
28 verbose parsed url   path: 'debug@^4.1.1',
28 verbose parsed url   href: 'debug@^4.1.1' }
29 verbose cache add [ 'dotenv@^8.0.0', null ]
30 verbose cache add name=undefined spec="dotenv@^8.0.0" args=["dotenv@^8.0.0",null]
31 verbose parsed url { protocol: null,
31 verbose parsed url   slashes: null,
31 verbose parsed url   auth: null,
31 verbose parsed url   host: null,
31 verbose parsed url   port: null,
31 verbose parsed url   hostname: null,
31 verbose parsed url   hash: null,
31 verbose parsed url   search: null,
31 verbose parsed url   query: null,
31 verbose parsed url   pathname: 'dotenv@^8.0.0',
31 verbose parsed url   path: 'dotenv@^8.0.0',
31 verbose parsed url   href: 'dotenv@^8.0.0' }
32 verbose cache add name="bcrypt" spec="^3.0.6" args=["bcrypt","^3.0.6"]
33 verbose parsed url { protocol: null,
33 verbose parsed url   slashes: null,
33 verbose parsed url   auth: null,
33 verbose parsed url   host: null,
33 verbose parsed url   port: null,
33 verbose parsed url   hostname: null,
33 verbose parsed url   hash: null,
33 verbose parsed url   search: null,
33 verbose parsed url   query: null,
33 verbose parsed url   pathname: '^3.0.6',
33 verbose parsed url   path: '^3.0.6',
33 verbose parsed url   href: '^3.0.6' }
34 verbose addNamed [ 'bcrypt', '^3.0.6' ]
35 verbose addNamed [ null, '>=3.0.6-0 <4.0.0-0' ]
36 verbose cache add name="hapi/joi" spec="^15.1.0" args=["hapi/joi","^15.1.0"]
37 verbose parsed url { protocol: null,
37 verbose parsed url   slashes: null,
37 verbose parsed url   auth: null,
37 verbose parsed url   host: null,
37 verbose parsed url   port: null,
37 verbose parsed url   hostname: null,
37 verbose parsed url   hash: null,
37 verbose parsed url   search: null,
37 verbose parsed url   query: null,
37 verbose parsed url   pathname: '^15.1.0',
37 verbose parsed url   path: '^15.1.0',
37 verbose parsed url   href: '^15.1.0' }
38 verbose addNamed [ 'hapi/joi', '^15.1.0' ]
39 verbose addNamed [ null, '>=15.1.0-0 <16.0.0-0' ]
40 verbose cache add name="celebrate" spec="^10.0.1" args=["celebrate","^10.0.1"]
41 verbose parsed url { protocol: null,
41 verbose parsed url   slashes: null,
41 verbose parsed url   auth: null,
41 verbose parsed url   host: null,
41 verbose parsed url   port: null,
41 verbose parsed url   hostname: null,
41 verbose parsed url   hash: null,
41 verbose parsed url   search: null,
41 verbose parsed url   query: null,
41 verbose parsed url   pathname: '^10.0.1',
41 verbose parsed url   path: '^10.0.1',
41 verbose parsed url   href: '^10.0.1' }
42 verbose addNamed [ 'celebrate', '^10.0.1' ]
43 verbose addNamed [ null, '>=10.0.1-0 <11.0.0-0' ]
44 verbose cache add name="body-parser" spec="^1.19.0" args=["body-parser","^1.19.0"]
45 verbose parsed url { protocol: null,
45 verbose parsed url   slashes: null,
45 verbose parsed url   auth: null,
45 verbose parsed url   host: null,
45 verbose parsed url   port: null,
45 verbose parsed url   hostname: null,
45 verbose parsed url   hash: null,
45 verbose parsed url   search: null,
45 verbose parsed url   query: null,
45 verbose parsed url   pathname: '^1.19.0',
45 verbose parsed url   path: '^1.19.0',
45 verbose parsed url   href: '^1.19.0' }
46 verbose addNamed [ 'body-parser', '^1.19.0' ]
47 verbose addNamed [ null, '>=1.19.0-0 <2.0.0-0' ]
48 verbose cache add name="compression" spec="^1.7.4" args=["compression","^1.7.4"]
49 verbose parsed url { protocol: null,
49 verbose parsed url   slashes: null,
49 verbose parsed url   auth: null,
49 verbose parsed url   host: null,
49 verbose parsed url   port: null,
49 verbose parsed url   hostname: null,
49 verbose parsed url   hash: null,
49 verbose parsed url   search: null,
49 verbose parsed url   query: null,
49 verbose parsed url   pathname: '^1.7.4',
49 verbose parsed url   path: '^1.7.4',
49 verbose parsed url   href: '^1.7.4' }
50 verbose addNamed [ 'compression', '^1.7.4' ]
51 verbose addNamed [ null, '>=1.7.4-0 <2.0.0-0' ]
52 verbose cache add name="debug" spec="^4.1.1" args=["debug","^4.1.1"]
53 verbose parsed url { protocol: null,
53 verbose parsed url   slashes: null,
53 verbose parsed url   auth: null,
53 verbose parsed url   host: null,
53 verbose parsed url   port: null,
53 verbose parsed url   hostname: null,
53 verbose parsed url   hash: null,
53 verbose parsed url   search: null,
53 verbose parsed url   query: null,
53 verbose parsed url   pathname: '^4.1.1',
53 verbose parsed url   path: '^4.1.1',
53 verbose parsed url   href: '^4.1.1' }
54 verbose addNamed [ 'debug', '^4.1.1' ]
55 verbose addNamed [ null, '>=4.1.1-0 <5.0.0-0' ]
56 verbose cache add [ 'express@^4.17.1', null ]
57 verbose cache add name=undefined spec="express@^4.17.1" args=["express@^4.17.1",null]
58 verbose parsed url { protocol: null,
58 verbose parsed url   slashes: null,
58 verbose parsed url   auth: null,
58 verbose parsed url   host: null,
58 verbose parsed url   port: null,
58 verbose parsed url   hostname: null,
58 verbose parsed url   hash: null,
58 verbose parsed url   search: null,
58 verbose parsed url   query: null,
58 verbose parsed url   pathname: 'express@^4.17.1',
58 verbose parsed url   path: 'express@^4.17.1',
58 verbose parsed url   href: 'express@^4.17.1' }
59 verbose cache add [ 'faker@^4.1.0', null ]
60 verbose cache add name=undefined spec="faker@^4.1.0" args=["faker@^4.1.0",null]
61 verbose parsed url { protocol: null,
61 verbose parsed url   slashes: null,
61 verbose parsed url   auth: null,
61 verbose parsed url   host: null,
61 verbose parsed url   port: null,
61 verbose parsed url   hostname: null,
61 verbose parsed url   hash: null,
61 verbose parsed url   search: null,
61 verbose parsed url   query: null,
61 verbose parsed url   pathname: 'faker@^4.1.0',
61 verbose parsed url   path: 'faker@^4.1.0',
61 verbose parsed url   href: 'faker@^4.1.0' }
62 verbose cache add [ 'jsonwebtoken@^8.5.1', null ]
63 verbose cache add name=undefined spec="jsonwebtoken@^8.5.1" args=["jsonwebtoken@^8.5.1",null]
64 verbose parsed url { protocol: null,
64 verbose parsed url   slashes: null,
64 verbose parsed url   auth: null,
64 verbose parsed url   host: null,
64 verbose parsed url   port: null,
64 verbose parsed url   hostname: null,
64 verbose parsed url   hash: null,
64 verbose parsed url   search: null,
64 verbose parsed url   query: null,
64 verbose parsed url   pathname: 'jsonwebtoken@^8.5.1',
64 verbose parsed url   path: 'jsonwebtoken@^8.5.1',
64 verbose parsed url   href: 'jsonwebtoken@^8.5.1' }
65 verbose cache add name="dotenv" spec="^8.0.0" args=["dotenv","^8.0.0"]
66 verbose parsed url { protocol: null,
66 verbose parsed url   slashes: null,
66 verbose parsed url   auth: null,
66 verbose parsed url   host: null,
66 verbose parsed url   port: null,
66 verbose parsed url   hostname: null,
66 verbose parsed url   hash: null,
66 verbose parsed url   search: null,
66 verbose parsed url   query: null,
66 verbose parsed url   pathname: '^8.0.0',
66 verbose parsed url   path: '^8.0.0',
66 verbose parsed url   href: '^8.0.0' }
67 verbose addNamed [ 'dotenv', '^8.0.0' ]
68 verbose addNamed [ null, '>=8.0.0-0 <9.0.0-0' ]
69 silly lockFile 0b902ed3-bcrypt-3-0-6 bcrypt@^3.0.6
70 verbose lock bcrypt@^3.0.6 /root/.npm/0b902ed3-bcrypt-3-0-6.lock
71 silly lockFile 016a9c70-hapi-joi-15-1-0 hapi/joi@^15.1.0
72 verbose lock hapi/joi@^15.1.0 /root/.npm/016a9c70-hapi-joi-15-1-0.lock
73 silly lockFile 94d8002a-celebrate-10-0-1 celebrate@^10.0.1
74 verbose lock celebrate@^10.0.1 /root/.npm/94d8002a-celebrate-10-0-1.lock
75 silly lockFile 66b42ae7-body-parser-1-19-0 body-parser@^1.19.0
76 verbose lock body-parser@^1.19.0 /root/.npm/66b42ae7-body-parser-1-19-0.lock
77 silly lockFile 75b8ebec-compression-1-7-4 compression@^1.7.4
78 verbose lock compression@^1.7.4 /root/.npm/75b8ebec-compression-1-7-4.lock
79 silly lockFile a9221a8c-debug-4-1-1 debug@^4.1.1
80 verbose lock debug@^4.1.1 /root/.npm/a9221a8c-debug-4-1-1.lock
81 silly lockFile a01deb32-dotenv-8-0-0 dotenv@^8.0.0
82 verbose lock dotenv@^8.0.0 /root/.npm/a01deb32-dotenv-8-0-0.lock
83 verbose cache add name="express" spec="^4.17.1" args=["express","^4.17.1"]
84 verbose parsed url { protocol: null,
84 verbose parsed url   slashes: null,
84 verbose parsed url   auth: null,
84 verbose parsed url   host: null,
84 verbose parsed url   port: null,
84 verbose parsed url   hostname: null,
84 verbose parsed url   hash: null,
84 verbose parsed url   search: null,
84 verbose parsed url   query: null,
84 verbose parsed url   pathname: '^4.17.1',
84 verbose parsed url   path: '^4.17.1',
84 verbose parsed url   href: '^4.17.1' }
85 verbose addNamed [ 'express', '^4.17.1' ]
86 verbose addNamed [ null, '>=4.17.1-0 <5.0.0-0' ]
87 silly lockFile 462f207e-express-4-17-1 express@^4.17.1
88 verbose lock express@^4.17.1 /root/.npm/462f207e-express-4-17-1.lock
89 verbose cache add name="faker" spec="^4.1.0" args=["faker","^4.1.0"]
90 verbose parsed url { protocol: null,
90 verbose parsed url   slashes: null,
90 verbose parsed url   auth: null,
90 verbose parsed url   host: null,
90 verbose parsed url   port: null,
90 verbose parsed url   hostname: null,
90 verbose parsed url   hash: null,
90 verbose parsed url   search: null,
90 verbose parsed url   query: null,
90 verbose parsed url   pathname: '^4.1.0',
90 verbose parsed url   path: '^4.1.0',
90 verbose parsed url   href: '^4.1.0' }
91 verbose addNamed [ 'faker', '^4.1.0' ]
92 verbose addNamed [ null, '>=4.1.0-0 <5.0.0-0' ]
93 silly lockFile 5443de0e-faker-4-1-0 faker@^4.1.0
94 verbose lock faker@^4.1.0 /root/.npm/5443de0e-faker-4-1-0.lock
95 verbose cache add [ 'lodash.isempty@^4.4.0', null ]
96 verbose cache add name=undefined spec="lodash.isempty@^4.4.0" args=["lodash.isempty@^4.4.0",null]
97 verbose parsed url { protocol: null,
97 verbose parsed url   slashes: null,
97 verbose parsed url   auth: null,
97 verbose parsed url   host: null,
97 verbose parsed url   port: null,
97 verbose parsed url   hostname: null,
97 verbose parsed url   hash: null,
97 verbose parsed url   search: null,
97 verbose parsed url   query: null,
97 verbose parsed url   pathname: 'lodash.isempty@^4.4.0',
97 verbose parsed url   path: 'lodash.isempty@^4.4.0',
97 verbose parsed url   href: 'lodash.isempty@^4.4.0' }
98 verbose cache add [ 'logger@0.0.1', null ]
99 verbose cache add name=undefined spec="logger@0.0.1" args=["logger@0.0.1",null]
100 verbose parsed url { protocol: null,
100 verbose parsed url   slashes: null,
100 verbose parsed url   auth: null,
100 verbose parsed url   host: null,
100 verbose parsed url   port: null,
100 verbose parsed url   hostname: null,
100 verbose parsed url   hash: null,
100 verbose parsed url   search: null,
100 verbose parsed url   query: null,
100 verbose parsed url   pathname: 'logger@0.0.1',
100 verbose parsed url   path: 'logger@0.0.1',
100 verbose parsed url   href: 'logger@0.0.1' }
101 verbose cache add name="jsonwebtoken" spec="^8.5.1" args=["jsonwebtoken","^8.5.1"]
102 verbose parsed url { protocol: null,
102 verbose parsed url   slashes: null,
102 verbose parsed url   auth: null,
102 verbose parsed url   host: null,
102 verbose parsed url   port: null,
102 verbose parsed url   hostname: null,
102 verbose parsed url   hash: null,
102 verbose parsed url   search: null,
102 verbose parsed url   query: null,
102 verbose parsed url   pathname: '^8.5.1',
102 verbose parsed url   path: '^8.5.1',
102 verbose parsed url   href: '^8.5.1' }
103 verbose addNamed [ 'jsonwebtoken', '^8.5.1' ]
104 verbose addNamed [ null, '>=8.5.1-0 <9.0.0-0' ]
105 silly lockFile 237fd32e-jsonwebtoken-8-5-1 jsonwebtoken@^8.5.1
106 verbose lock jsonwebtoken@^8.5.1 /root/.npm/237fd32e-jsonwebtoken-8-5-1.lock
107 verbose cache add name="lodash.isempty" spec="^4.4.0" args=["lodash.isempty","^4.4.0"]
108 verbose parsed url { protocol: null,
108 verbose parsed url   slashes: null,
108 verbose parsed url   auth: null,
108 verbose parsed url   host: null,
108 verbose parsed url   port: null,
108 verbose parsed url   hostname: null,
108 verbose parsed url   hash: null,
108 verbose parsed url   search: null,
108 verbose parsed url   query: null,
108 verbose parsed url   pathname: '^4.4.0',
108 verbose parsed url   path: '^4.4.0',
108 verbose parsed url   href: '^4.4.0' }
109 verbose addNamed [ 'lodash.isempty', '^4.4.0' ]
110 verbose addNamed [ null, '>=4.4.0-0 <5.0.0-0' ]
111 silly lockFile d9e41515-lodash-isempty-4-4-0 lodash.isempty@^4.4.0
112 verbose lock lodash.isempty@^4.4.0 /root/.npm/d9e41515-lodash-isempty-4-4-0.lock
113 verbose cache add name="logger" spec="0.0.1" args=["logger","0.0.1"]
114 verbose parsed url { protocol: null,
114 verbose parsed url   slashes: null,
114 verbose parsed url   auth: null,
114 verbose parsed url   host: null,
114 verbose parsed url   port: null,
114 verbose parsed url   hostname: null,
114 verbose parsed url   hash: null,
114 verbose parsed url   search: null,
114 verbose parsed url   query: null,
114 verbose parsed url   pathname: '0.0.1',
114 verbose parsed url   path: '0.0.1',
114 verbose parsed url   href: '0.0.1' }
115 verbose addNamed [ 'logger', '0.0.1' ]
116 verbose addNamed [ '0.0.1', '0.0.1' ]
117 silly lockFile 54651145-logger-0-0-1 logger@0.0.1
118 verbose lock logger@0.0.1 /root/.npm/54651145-logger-0-0-1.lock
119 verbose cache add [ 'morgan@^1.9.1', null ]
120 verbose cache add name=undefined spec="morgan@^1.9.1" args=["morgan@^1.9.1",null]
121 verbose parsed url { protocol: null,
121 verbose parsed url   slashes: null,
121 verbose parsed url   auth: null,
121 verbose parsed url   host: null,
121 verbose parsed url   port: null,
121 verbose parsed url   hostname: null,
121 verbose parsed url   hash: null,
121 verbose parsed url   search: null,
121 verbose parsed url   query: null,
121 verbose parsed url   pathname: 'morgan@^1.9.1',
121 verbose parsed url   path: 'morgan@^1.9.1',
121 verbose parsed url   href: 'morgan@^1.9.1' }
122 verbose cache add [ 'ms@^2.1.2', null ]
123 verbose cache add name=undefined spec="ms@^2.1.2" args=["ms@^2.1.2",null]
124 verbose parsed url { protocol: null,
124 verbose parsed url   slashes: null,
124 verbose parsed url   auth: null,
124 verbose parsed url   host: null,
124 verbose parsed url   port: null,
124 verbose parsed url   hostname: null,
124 verbose parsed url   hash: null,
124 verbose parsed url   search: null,
124 verbose parsed url   query: null,
124 verbose parsed url   pathname: 'ms@^2.1.2',
124 verbose parsed url   path: 'ms@^2.1.2',
124 verbose parsed url   href: 'ms@^2.1.2' }
125 verbose cache add [ 'multer@^1.4.2', null ]
126 verbose cache add name=undefined spec="multer@^1.4.2" args=["multer@^1.4.2",null]
127 verbose parsed url { protocol: null,
127 verbose parsed url   slashes: null,
127 verbose parsed url   auth: null,
127 verbose parsed url   host: null,
127 verbose parsed url   port: null,
127 verbose parsed url   hostname: null,
127 verbose parsed url   hash: null,
127 verbose parsed url   search: null,
127 verbose parsed url   query: null,
127 verbose parsed url   pathname: 'multer@^1.4.2',
127 verbose parsed url   path: 'multer@^1.4.2',
127 verbose parsed url   href: 'multer@^1.4.2' }
128 verbose cache add [ 'mysql2@^1.6.5', null ]
129 verbose cache add name=undefined spec="mysql2@^1.6.5" args=["mysql2@^1.6.5",null]
130 verbose parsed url { protocol: null,
130 verbose parsed url   slashes: null,
130 verbose parsed url   auth: null,
130 verbose parsed url   host: null,
130 verbose parsed url   port: null,
130 verbose parsed url   hostname: null,
130 verbose parsed url   hash: null,
130 verbose parsed url   search: null,
130 verbose parsed url   query: null,
130 verbose parsed url   pathname: 'mysql2@^1.6.5',
130 verbose parsed url   path: 'mysql2@^1.6.5',
130 verbose parsed url   href: 'mysql2@^1.6.5' }
131 silly addNameRange { name: 'bcrypt', range: '>=3.0.6-0 <4.0.0-0', hasData: false }
132 silly addNameRange { name: 'hapi/joi',
132 silly addNameRange   range: '>=15.1.0-0 <16.0.0-0',
132 silly addNameRange   hasData: false }
133 silly addNameRange { name: 'celebrate',
133 silly addNameRange   range: '>=10.0.1-0 <11.0.0-0',
133 silly addNameRange   hasData: false }
134 silly addNameRange { name: 'body-parser',
134 silly addNameRange   range: '>=1.19.0-0 <2.0.0-0',
134 silly addNameRange   hasData: false }
135 silly addNameRange { name: 'compression',
135 silly addNameRange   range: '>=1.7.4-0 <2.0.0-0',
135 silly addNameRange   hasData: false }
136 silly addNameRange { name: 'debug', range: '>=4.1.1-0 <5.0.0-0', hasData: false }
137 silly addNameRange { name: 'dotenv', range: '>=8.0.0-0 <9.0.0-0', hasData: false }
138 silly addNameRange { name: 'express', range: '>=4.17.1-0 <5.0.0-0', hasData: false }
139 silly addNameRange { name: 'faker', range: '>=4.1.0-0 <5.0.0-0', hasData: false }
140 verbose cache add name="morgan" spec="^1.9.1" args=["morgan","^1.9.1"]
141 verbose parsed url { protocol: null,
141 verbose parsed url   slashes: null,
141 verbose parsed url   auth: null,
141 verbose parsed url   host: null,
141 verbose parsed url   port: null,
141 verbose parsed url   hostname: null,
141 verbose parsed url   hash: null,
141 verbose parsed url   search: null,
141 verbose parsed url   query: null,
141 verbose parsed url   pathname: '^1.9.1',
141 verbose parsed url   path: '^1.9.1',
141 verbose parsed url   href: '^1.9.1' }
142 verbose addNamed [ 'morgan', '^1.9.1' ]
143 verbose addNamed [ null, '>=1.9.1-0 <2.0.0-0' ]
144 silly lockFile d6113e35-morgan-1-9-1 morgan@^1.9.1
145 verbose lock morgan@^1.9.1 /root/.npm/d6113e35-morgan-1-9-1.lock
146 verbose cache add name="ms" spec="^2.1.2" args=["ms","^2.1.2"]
147 verbose parsed url { protocol: null,
147 verbose parsed url   slashes: null,
147 verbose parsed url   auth: null,
147 verbose parsed url   host: null,
147 verbose parsed url   port: null,
147 verbose parsed url   hostname: null,
147 verbose parsed url   hash: null,
147 verbose parsed url   search: null,
147 verbose parsed url   query: null,
147 verbose parsed url   pathname: '^2.1.2',
147 verbose parsed url   path: '^2.1.2',
147 verbose parsed url   href: '^2.1.2' }
148 verbose addNamed [ 'ms', '^2.1.2' ]
149 verbose addNamed [ null, '>=2.1.2-0 <3.0.0-0' ]
150 silly lockFile 432e30f7-ms-2-1-2 ms@^2.1.2
151 verbose lock ms@^2.1.2 /root/.npm/432e30f7-ms-2-1-2.lock
152 verbose cache add name="multer" spec="^1.4.2" args=["multer","^1.4.2"]
153 verbose parsed url { protocol: null,
153 verbose parsed url   slashes: null,
153 verbose parsed url   auth: null,
153 verbose parsed url   host: null,
153 verbose parsed url   port: null,
153 verbose parsed url   hostname: null,
153 verbose parsed url   hash: null,
153 verbose parsed url   search: null,
153 verbose parsed url   query: null,
153 verbose parsed url   pathname: '^1.4.2',
153 verbose parsed url   path: '^1.4.2',
153 verbose parsed url   href: '^1.4.2' }
154 verbose addNamed [ 'multer', '^1.4.2' ]
155 verbose addNamed [ null, '>=1.4.2-0 <2.0.0-0' ]
156 silly lockFile e17538aa-multer-1-4-2 multer@^1.4.2
157 verbose lock multer@^1.4.2 /root/.npm/e17538aa-multer-1-4-2.lock
158 verbose cache add name="mysql2" spec="^1.6.5" args=["mysql2","^1.6.5"]
159 verbose parsed url { protocol: null,
159 verbose parsed url   slashes: null,
159 verbose parsed url   auth: null,
159 verbose parsed url   host: null,
159 verbose parsed url   port: null,
159 verbose parsed url   hostname: null,
159 verbose parsed url   hash: null,
159 verbose parsed url   search: null,
159 verbose parsed url   query: null,
159 verbose parsed url   pathname: '^1.6.5',
159 verbose parsed url   path: '^1.6.5',
159 verbose parsed url   href: '^1.6.5' }
160 verbose addNamed [ 'mysql2', '^1.6.5' ]
161 verbose addNamed [ null, '>=1.6.5-0 <2.0.0-0' ]
162 silly lockFile 40375fd6-mysql2-1-6-5 mysql2@^1.6.5
163 verbose lock mysql2@^1.6.5 /root/.npm/40375fd6-mysql2-1-6-5.lock
164 verbose cache add [ 'nodemon@^1.19.1', null ]
165 verbose cache add name=undefined spec="nodemon@^1.19.1" args=["nodemon@^1.19.1",null]
166 verbose parsed url { protocol: null,
166 verbose parsed url   slashes: null,
166 verbose parsed url   auth: null,
166 verbose parsed url   host: null,
166 verbose parsed url   port: null,
166 verbose parsed url   hostname: null,
166 verbose parsed url   hash: null,
166 verbose parsed url   search: null,
166 verbose parsed url   query: null,
166 verbose parsed url   pathname: 'nodemon@^1.19.1',
166 verbose parsed url   path: 'nodemon@^1.19.1',
166 verbose parsed url   href: 'nodemon@^1.19.1' }
167 verbose cache add [ 'sequelize@^5.10.1', null ]
168 verbose cache add name=undefined spec="sequelize@^5.10.1" args=["sequelize@^5.10.1",null]
169 verbose parsed url { protocol: null,
169 verbose parsed url   slashes: null,
169 verbose parsed url   auth: null,
169 verbose parsed url   host: null,
169 verbose parsed url   port: null,
169 verbose parsed url   hostname: null,
169 verbose parsed url   hash: null,
169 verbose parsed url   search: null,
169 verbose parsed url   query: null,
169 verbose parsed url   pathname: 'sequelize@^5.10.1',
169 verbose parsed url   path: 'sequelize@^5.10.1',
169 verbose parsed url   href: 'sequelize@^5.10.1' }
170 verbose cache add [ 'sequelize-cli@^5.5.0', null ]
171 verbose cache add name=undefined spec="sequelize-cli@^5.5.0" args=["sequelize-cli@^5.5.0",null]
172 verbose parsed url { protocol: null,
172 verbose parsed url   slashes: null,
172 verbose parsed url   auth: null,
172 verbose parsed url   host: null,
172 verbose parsed url   port: null,
172 verbose parsed url   hostname: null,
172 verbose parsed url   hash: null,
172 verbose parsed url   search: null,
172 verbose parsed url   query: null,
172 verbose parsed url   pathname: 'sequelize-cli@^5.5.0',
172 verbose parsed url   path: 'sequelize-cli@^5.5.0',
172 verbose parsed url   href: 'sequelize-cli@^5.5.0' }
173 verbose cache add [ 'uuid@^3.3.2', null ]
174 verbose cache add name=undefined spec="uuid@^3.3.2" args=["uuid@^3.3.2",null]
175 verbose parsed url { protocol: null,
175 verbose parsed url   slashes: null,
175 verbose parsed url   auth: null,
175 verbose parsed url   host: null,
175 verbose parsed url   port: null,
175 verbose parsed url   hostname: null,
175 verbose parsed url   hash: null,
175 verbose parsed url   search: null,
175 verbose parsed url   query: null,
175 verbose parsed url   pathname: 'uuid@^3.3.2',
175 verbose parsed url   path: 'uuid@^3.3.2',
175 verbose parsed url   href: 'uuid@^3.3.2' }
176 verbose cache add [ 'uuidv4@^4.0.0', null ]
177 verbose cache add name=undefined spec="uuidv4@^4.0.0" args=["uuidv4@^4.0.0",null]
178 verbose parsed url { protocol: null,
178 verbose parsed url   slashes: null,
178 verbose parsed url   auth: null,
178 verbose parsed url   host: null,
178 verbose parsed url   port: null,
178 verbose parsed url   hostname: null,
178 verbose parsed url   hash: null,
178 verbose parsed url   search: null,
178 verbose parsed url   query: null,
178 verbose parsed url   pathname: 'uuidv4@^4.0.0',
178 verbose parsed url   path: 'uuidv4@^4.0.0',
178 verbose parsed url   href: 'uuidv4@^4.0.0' }
179 silly addNameRange { name: 'jsonwebtoken',
179 silly addNameRange   range: '>=8.5.1-0 <9.0.0-0',
179 silly addNameRange   hasData: false }
180 silly addNameRange { name: 'lodash.isempty',
180 silly addNameRange   range: '>=4.4.0-0 <5.0.0-0',
180 silly addNameRange   hasData: false }
181 verbose cache add name="nodemon" spec="^1.19.1" args=["nodemon","^1.19.1"]
182 verbose parsed url { protocol: null,
182 verbose parsed url   slashes: null,
182 verbose parsed url   auth: null,
182 verbose parsed url   host: null,
182 verbose parsed url   port: null,
182 verbose parsed url   hostname: null,
182 verbose parsed url   hash: null,
182 verbose parsed url   search: null,
182 verbose parsed url   query: null,
182 verbose parsed url   pathname: '^1.19.1',
182 verbose parsed url   path: '^1.19.1',
182 verbose parsed url   href: '^1.19.1' }
183 verbose addNamed [ 'nodemon', '^1.19.1' ]
184 verbose addNamed [ null, '>=1.19.1-0 <2.0.0-0' ]
185 silly lockFile 5e6d1a8a-nodemon-1-19-1 nodemon@^1.19.1
186 verbose lock nodemon@^1.19.1 /root/.npm/5e6d1a8a-nodemon-1-19-1.lock
187 verbose cache add name="sequelize" spec="^5.10.1" args=["sequelize","^5.10.1"]
188 verbose parsed url { protocol: null,
188 verbose parsed url   slashes: null,
188 verbose parsed url   auth: null,
188 verbose parsed url   host: null,
188 verbose parsed url   port: null,
188 verbose parsed url   hostname: null,
188 verbose parsed url   hash: null,
188 verbose parsed url   search: null,
188 verbose parsed url   query: null,
188 verbose parsed url   pathname: '^5.10.1',
188 verbose parsed url   path: '^5.10.1',
188 verbose parsed url   href: '^5.10.1' }
189 verbose addNamed [ 'sequelize', '^5.10.1' ]
190 verbose addNamed [ null, '>=5.10.1-0 <6.0.0-0' ]
191 silly lockFile bfd54dea-sequelize-5-10-1 sequelize@^5.10.1
192 verbose lock sequelize@^5.10.1 /root/.npm/bfd54dea-sequelize-5-10-1.lock
193 verbose cache add name="sequelize-cli" spec="^5.5.0" args=["sequelize-cli","^5.5.0"]
194 verbose parsed url { protocol: null,
194 verbose parsed url   slashes: null,
194 verbose parsed url   auth: null,
194 verbose parsed url   host: null,
194 verbose parsed url   port: null,
194 verbose parsed url   hostname: null,
194 verbose parsed url   hash: null,
194 verbose parsed url   search: null,
194 verbose parsed url   query: null,
194 verbose parsed url   pathname: '^5.5.0',
194 verbose parsed url   path: '^5.5.0',
194 verbose parsed url   href: '^5.5.0' }
195 verbose addNamed [ 'sequelize-cli', '^5.5.0' ]
196 verbose addNamed [ null, '>=5.5.0-0 <6.0.0-0' ]
197 silly lockFile 08bef90c-sequelize-cli-5-5-0 sequelize-cli@^5.5.0
198 verbose lock sequelize-cli@^5.5.0 /root/.npm/08bef90c-sequelize-cli-5-5-0.lock
199 verbose cache add name="uuid" spec="^3.3.2" args=["uuid","^3.3.2"]
200 verbose parsed url { protocol: null,
200 verbose parsed url   slashes: null,
200 verbose parsed url   auth: null,
200 verbose parsed url   host: null,
200 verbose parsed url   port: null,
200 verbose parsed url   hostname: null,
200 verbose parsed url   hash: null,
200 verbose parsed url   search: null,
200 verbose parsed url   query: null,
200 verbose parsed url   pathname: '^3.3.2',
200 verbose parsed url   path: '^3.3.2',
200 verbose parsed url   href: '^3.3.2' }
201 verbose addNamed [ 'uuid', '^3.3.2' ]
202 verbose addNamed [ null, '>=3.3.2-0 <4.0.0-0' ]
203 silly lockFile 742e6ae3-uuid-3-3-2 uuid@^3.3.2
204 verbose lock uuid@^3.3.2 /root/.npm/742e6ae3-uuid-3-3-2.lock
205 verbose cache add [ 'winston@^3.2.1', null ]
206 verbose cache add name=undefined spec="winston@^3.2.1" args=["winston@^3.2.1",null]
207 verbose parsed url { protocol: null,
207 verbose parsed url   slashes: null,
207 verbose parsed url   auth: null,
207 verbose parsed url   host: null,
207 verbose parsed url   port: null,
207 verbose parsed url   hostname: null,
207 verbose parsed url   hash: null,
207 verbose parsed url   search: null,
207 verbose parsed url   query: null,
207 verbose parsed url   pathname: 'winston@^3.2.1',
207 verbose parsed url   path: 'winston@^3.2.1',
207 verbose parsed url   href: 'winston@^3.2.1' }
208 verbose cache add name="uuidv4" spec="^4.0.0" args=["uuidv4","^4.0.0"]
209 verbose parsed url { protocol: null,
209 verbose parsed url   slashes: null,
209 verbose parsed url   auth: null,
209 verbose parsed url   host: null,
209 verbose parsed url   port: null,
209 verbose parsed url   hostname: null,
209 verbose parsed url   hash: null,
209 verbose parsed url   search: null,
209 verbose parsed url   query: null,
209 verbose parsed url   pathname: '^4.0.0',
209 verbose parsed url   path: '^4.0.0',
209 verbose parsed url   href: '^4.0.0' }
210 verbose addNamed [ 'uuidv4', '^4.0.0' ]
211 verbose addNamed [ null, '>=4.0.0-0 <5.0.0-0' ]
212 silly lockFile 07d23907-uuidv4-4-0-0 uuidv4@^4.0.0
213 verbose lock uuidv4@^4.0.0 /root/.npm/07d23907-uuidv4-4-0-0.lock
214 silly addNameRange { name: 'morgan', range: '>=1.9.1-0 <2.0.0-0', hasData: false }
215 silly addNameRange { name: 'ms', range: '>=2.1.2-0 <3.0.0-0', hasData: false }
216 silly addNameRange { name: 'multer', range: '>=1.4.2-0 <2.0.0-0', hasData: false }
217 silly addNameRange { name: 'mysql2', range: '>=1.6.5-0 <2.0.0-0', hasData: false }
218 verbose cache add name="winston" spec="^3.2.1" args=["winston","^3.2.1"]
219 verbose parsed url { protocol: null,
219 verbose parsed url   slashes: null,
219 verbose parsed url   auth: null,
219 verbose parsed url   host: null,
219 verbose parsed url   port: null,
219 verbose parsed url   hostname: null,
219 verbose parsed url   hash: null,
219 verbose parsed url   search: null,
219 verbose parsed url   query: null,
219 verbose parsed url   pathname: '^3.2.1',
219 verbose parsed url   path: '^3.2.1',
219 verbose parsed url   href: '^3.2.1' }
220 verbose addNamed [ 'winston', '^3.2.1' ]
221 verbose addNamed [ null, '>=3.2.1-0 <4.0.0-0' ]
222 silly lockFile 50eae742-winston-3-2-1 winston@^3.2.1
223 verbose lock winston@^3.2.1 /root/.npm/50eae742-winston-3-2-1.lock
224 silly addNameRange { name: 'nodemon', range: '>=1.19.1-0 <2.0.0-0', hasData: false }
225 silly addNameRange { name: 'sequelize',
225 silly addNameRange   range: '>=5.10.1-0 <6.0.0-0',
225 silly addNameRange   hasData: false }
226 silly addNameRange { name: 'sequelize-cli',
226 silly addNameRange   range: '>=5.5.0-0 <6.0.0-0',
226 silly addNameRange   hasData: false }
227 silly addNameRange { name: 'uuid', range: '>=3.3.2-0 <4.0.0-0', hasData: false }
228 silly addNameRange { name: 'uuidv4', range: '>=4.0.0-0 <5.0.0-0', hasData: false }
229 silly addNameRange { name: 'winston', range: '>=3.2.1-0 <4.0.0-0', hasData: false }
230 verbose registry.get https://registry.npmjs.org/hapi/joi not expired, no request
231 silly addNameRange number 2 { name: 'hapi/joi',
231 silly addNameRange   range: '>=15.1.0-0 <16.0.0-0',
231 silly addNameRange   hasData: true }
232 silly addNameRange versions [ undefined, [] ]
233 error TypeError: Cannot read property 'latest' of undefined
233 error     at next (/usr/share/npm/lib/cache/add-named.js:219:35)
233 error     at /usr/share/npm/lib/cache/add-named.js:207:5
233 error     at RegClient.get_ (/usr/share/npm/node_modules/npm-registry-client/lib/get.js:130:14)
233 error     at RegClient.<anonymous> (/usr/share/npm/node_modules/npm-registry-client/lib/get.js:49:12)
233 error     at evalmachine.<anonymous>:272:14
233 error     at /usr/lib/nodejs/graceful-fs/graceful-fs.js:102:5
233 error     at Object.oncomplete (evalmachine.<anonymous>:107:15)
234 error If you need help, you may report this *entire* log,
234 error including the npm and node versions, at:
234 error     <http://github.com/npm/npm/issues>
235 error System Linux 3.16.0-6-amd64
236 error command "/usr/bin/nodejs" "/usr/bin/npm" "install"
237 error cwd /root/homecare/server
238 error node -v v0.10.29
239 error npm -v 1.4.21
240 error type non_object_property_load
241 verbose exit [ 1, true ]
